<?xml version="1.0" encoding="UTF-8"?>
<!-- Generated by org.testng.reporters.JUnitXMLReporter -->
<testsuite hostname="Vinod-PC" name="testngtest" tests="3" failures="3" timestamp="3 Jul 2018 11:10:49 GMT" time="28.863" errors="0">
  <testcase name="login" time="4.306" classname="testngtest.TestNGCalculation">
    <failure type="java.lang.NullPointerException">
      <![CDATA[java.lang.NullPointerException
	at testngtest.TestNGCalculation.login(TestNGCalculation.java:43)
... Removed 24 stack frames]]>
    </failure>
  </testcase> <!-- login -->
  <testcase name="login" time="4.814" classname="testngtest.TestNGCalculation">
    <failure type="java.lang.NullPointerException">
      <![CDATA[java.lang.NullPointerException
	at testngtest.TestNGCalculation.login(TestNGCalculation.java:43)
... Removed 24 stack frames]]>
    </failure>
  </testcase> <!-- login -->
  <testcase name="login" time="4.744" classname="testngtest.TestNGCalculation">
    <failure type="java.lang.NullPointerException">
      <![CDATA[java.lang.NullPointerException
	at testngtest.TestNGCalculation.login(TestNGCalculation.java:43)
... Removed 24 stack frames]]>
    </failure>
  </testcase> <!-- login -->
</testsuite> <!-- testngtest -->
