<?xml version="1.0" encoding="UTF-8"?>
<!-- Generated by org.testng.reporters.JUnitXMLReporter -->
<testsuite hostname="Vinod-PC" name="Test" tests="3" failures="0" timestamp="5 Jul 2018 10:09:51 GMT" time="0.031" errors="0">
  <testcase name="addTest" time="0.015" classname="testngtest.TestNGCalculation"/>
  <testcase name="subTest" time="0.016" classname="testngtest.TestNGCalculation"/>
  <testcase name="divideTest" time="0.0" classname="testngtest.TestNGCalculation"/>
</testsuite> <!-- Test -->
