<?xml version="1.0" encoding="UTF-8"?>
<!-- Generated by org.testng.reporters.JUnitXMLReporter -->
<testsuite hostname="Vinod-PC" name="DragAndDropTest" tests="1" failures="1" timestamp="18 Oct 2018 10:07:22 GMT" time="16.051" errors="0">
  <testcase name="dragAndDropTest" time="16.048" classname="tests.DragAndDropTest">
    <failure type="java.lang.AssertionError" message="expected [true] but found [false]">
      <![CDATA[java.lang.AssertionError: expected [true] but found [false]
	at tests.DragAndDropTest.dragAndDropTest(DragAndDropTest.java:29)
... Removed 28 stack frames]]>
    </failure>
  </testcase> <!-- dragAndDropTest -->
</testsuite> <!-- DragAndDropTest -->
