<?xml version="1.0" encoding="UTF-8"?>
<!-- Generated by org.testng.reporters.JUnitXMLReporter -->
<testsuite hostname="Vinod-PC" name="DragAndDropTest" tests="1" failures="1" timestamp="27 Aug 2018 09:39:26 GMT" time="9.933" errors="0">
  <testcase name="dragAndDropTest" time="9.927" classname="tests.DragAndDropTest">
    <failure type="java.lang.AssertionError" message="expected [true] but found [false]">
      <![CDATA[java.lang.AssertionError: expected [true] but found [false]
	at tests.DragAndDropTest.dragAndDropTest(DragAndDropTest.java:30)
... Removed 28 stack frames]]>
    </failure>
  </testcase> <!-- dragAndDropTest -->
</testsuite> <!-- DragAndDropTest -->
