<?xml version="1.0" encoding="UTF-8"?>
<!-- Generated by org.testng.reporters.JUnitXMLReporter -->
<testsuite hostname="Vinod-PC" name="Test" tests="4" failures="0" timestamp="2 Aug 2018 12:09:54 GMT" time="0.053" errors="0">
  <testcase name="addTest" time="0.017" classname="pages.TestNGCalculation"/>
  <testcase name="subTest" time="0.003" classname="pages.TestNGCalculation"/>
  <testcase name="divideTest" time="0.004" classname="pages.TestNGCalculation"/>
  <testcase name="multiplyTest" time="0.003" classname="pages.TestNGCalculation"/>
</testsuite> <!-- Test -->
