<?xml version="1.0" encoding="UTF-8"?>
<!-- Generated by org.testng.reporters.JUnitXMLReporter -->
<testsuite hostname="Vinod-PC" name="Default test" tests="4" failures="0" timestamp="25 Jun 2018 09:25:22 GMT" time="0.031" errors="0">
  <testcase name="addTest" time="0.004" classname="testngtest.TestNGCalculation">
    <skipped/>
  </testcase> <!-- addTest -->
  <testcase name="divideTest" time="0.0" classname="testngtest.TestNGCalculation">
    <skipped/>
  </testcase> <!-- divideTest -->
  <testcase name="multiplyTest" time="0.001" classname="testngtest.TestNGCalculation">
    <skipped/>
  </testcase> <!-- multiplyTest -->
  <testcase name="subTest" time="0.001" classname="testngtest.TestNGCalculation">
    <skipped/>
  </testcase> <!-- subTest -->
</testsuite> <!-- Default test -->
