<?xml version="1.0" encoding="UTF-8"?>
<!-- Generated by org.testng.reporters.JUnitXMLReporter -->
<testsuite hostname="Vinod-PC" name="testngtest" tests="4" failures="0" timestamp="25 Jun 2018 09:38:54 GMT" time="0.062" errors="0">
  <testcase name="addTest" time="0.016" classname="testngtest.TestNGCalculation"/>
  <testcase name="divideTest" time="0.0" classname="testngtest.TestNGCalculation"/>
  <testcase name="multiplyTest" time="0.016" classname="testngtest.TestNGCalculation"/>
  <testcase name="subTest" time="0.0" classname="testngtest.TestNGCalculation"/>
</testsuite> <!-- testngtest -->
